|| P - P.conj().T || =  0.0

shape of AO densities after removing duplicates =  (19802, 4, 4)
sevecs.T @ sevecs = 
[[ 1.00000000e+00 -3.61979286e-16  2.30331154e-16 -2.46767845e-16]
 [-3.61979286e-16  1.00000000e+00  8.61813891e-17  8.68809773e-17]
 [ 2.30331154e-16  8.61813891e-17  1.00000000e+00 -1.02567212e-16]
 [-2.46767845e-16  8.68809773e-17 -1.02567212e-16  1.00000000e+00]]

sevecs.conj() - sevecs = 
[[0. 0. 0. 0.]
 [0. 0. 0. 0.]
 [0. 0. 0. 0.]
 [0. 0. 0. 0.]]

|| P_{MO} - P_{MO}.conj().T || =  7.187856082474573e-17

mean(trace(P_{MO})) =  0.9999495856082625

|| P_{MO} . P_{MO} - P_{MO} || =  6.887744133685678e-07
|| Re[den[0,0]] || = 0.4999378078313813
|| Re[den[0,1]] || = 0.4072698597278978
|| Im[den[0,1]] || = 0.45877234208608497
|| Re[den[1,1]] || = 0.7547453495460261
|| Re[den[0,2]] || = 0.5106708795608743
|| Im[den[0,2]] || = 0.04106715073764912
|| Re[den[1,2]] || = 0.3834750780112885
|| Im[den[1,2]] || = 0.4994510712122062
|| Re[den[2,2]] || = 0.5332110096911113
|| Re[den[0,3]] || = 5.6833103050458496
|| Im[den[0,3]] || = 6.077415519487246
|| Re[den[1,3]] || = 10.210660100746367
|| Im[den[1,3]] || = 0.47955232803512426
|| Re[den[2,3]] || = 5.3748609115753325
|| Im[den[2,3]] || = 6.645104221914
|| Re[den[3,3]] || = 138.93988053856532
Shape of denMO on real non-zero degrees of freedom:
(19802, 10)
Shape of denMO on imag non-zero degrees of freedom:
(19802, 6)
nzreals:
{(0, 0): 0, (0, 1): 1, (1, 1): 2, (0, 2): 3, (1, 2): 4, (2, 2): 5, (0, 3): 6, (1, 3): 7, (2, 3): 8, (3, 3): 9}
nzimags:
{(0, 1): 10, (0, 2): 11, (1, 2): 12, (0, 3): 13, (1, 3): 14, (2, 3): 15}
ndof:  16
hamreals:
{(0, 0): 0, (0, 1): 1, (0, 2): 2, (0, 3): 3, (1, 1): 4, (1, 2): 5, (1, 3): 6, (2, 2): 7, (2, 3): 8, (3, 3): 9}
hamimags:
{(0, 1): 10, (0, 2): 11, (0, 3): 12, (1, 2): 13, (1, 3): 14, (2, 3): 15}
hamdof:  16
nump:  17
0 1 0.0002 2.1992460535385905
1000 1 0.00019998000199980003 0.06207305075715448
2000 1 0.00019996000799840034 0.052808670860066236
3000 1 0.00019994001799460164 0.04719286718780543
4000 1 0.00019992003198720514 0.0423302077716495
5000 1 0.00019990004997501253 0.037987326782571655
6000 1 0.00019988007195682593 0.03410008588030536
7000 1 0.000199860097931448 0.03062000002303001
8000 1 0.00019984012789768188 0.027504237495951975
9000 1 0.00019982016185433112 0.02471450910317577
10000 1 0.00019980019980019983 0.022216557642001734
11000 1 0.00019978024173409248 0.019979731102957574
12000 1 0.00019976028765481422 0.017976602735723237
13000 1 0.00019974033756117049 0.016182631295336578
14000 1 0.00019972039145196724 0.014575857119491126
15000 1 0.00019970044932601097 0.013136630248714129
16000 1 0.00019968051118210862 0.011847367207703175
17000 1 0.0001996605770190676 0.010692333423659368
18000 1 0.00019964064683569574 0.009657448576843827
19000 1 0.0001996207206308015 0.008730112464192733
20000 1 0.00019960079840319363 0.007899049212249565
21000 1 0.00019958088015168147 0.007154167904104295
22000 1 0.00019956096587507485 0.006486437889326118
23000 1 0.000199541055572184 0.005887777228586775
24000 1 0.00019952114924181964 0.0053509528880819335
25000 1 0.00019950124688279303 0.004869491445006311
26000 1 0.00019948134849391585 0.004437599196051509
27000 1 0.00019946145407400022 0.004050090677802133
28000 1 0.0001994415636218588 0.0037023247124696413
29000 1 0.00019942167713630474 0.0033901471859241667
30000 1 0.0001994017946161516 0.003109839848633205
31000 1 0.00019938191606021333 0.00285807450493298
32000 1 0.00019936204146730463 0.0026318720229781727
33000 1 0.0001993421708362404 0.0024285656575724224
34000 1 0.00019932230416583614 0.0022457682316212564
35000 1 0.0001993024414549078 0.002081342769838855
36000 1 0.00019928258270227183 0.0019333762211767305
37000 1 0.00019926272790674504 0.0018001559447589268
38000 1 0.00019924287706714485 0.0016801486683837414
39000 1 0.00019922303018228907 0.0015719816593107471
40000 1 0.00019920318725099602 0.0014744258744777315
41000 1 0.00019918334827208448 0.0013863808818252359
42000 1 0.00019916351324437365 0.0013068613663524329
43000 1 0.0001991436821666833 0.001234985054160162
44000 1 0.00019912385503783356 0.0011699619052991518
45000 1 0.0001991040318566451 0.0011110844419520791
46000 1 0.0001990842126219391 0.0010577190925331282
47000 1 0.0001990643973325371 0.0010092984448618145
48000 1 0.00019904458598726118 0.0009653143128163379
49000 1 0.00019902477858493384 0.0009253115309343697
50000 1 0.00019900497512437813 0.0008888824004322861
51000 1 0.00019898517560441745 0.0008556617181676991
52000 1 0.00019896538002387584 0.0008253223272760464
53000 1 0.00019894558838157763 0.0007975711346586547
54000 1 0.00019892580067634773 0.0007721455462674949
55000 1 0.00019890601690701143 0.0007488102762921074
56000 1 0.0001988862370723946 0.0007273544909712107
57000 1 0.00019886646117132345 0.0007075892518823456
58000 1 0.0001988466892026248 0.0006893452272587494
59000 1 0.00019882692116512577 0.0006724706431897664
60000 1 0.00019880715705765408 0.0006568294495197949
61000 1 0.00019878739687903787 0.0006422996779081718
62000 1 0.00019876764062810577 0.0006287719718814576
63000 1 0.00019874788830368678 0.0006161482708289796
64000 1 0.0001987281399046105 0.0006043406317891666
65000 1 0.00019870839542970693 0.0005932701745713393
66000 1 0.0001986886548778065 0.0005828661372761819
67000 1 0.00019866891824774018 0.0005730650306369418
68000 1 0.00019864918553833932 0.0005638098808194873
69000 1 0.0001986294567484358 0.000555049551407347
70000 1 0.000198609731876862 0.0005467381362716944
71000 1 0.0001985900109224506 0.0005388344158975171
72000 1 0.00019857029388403494 0.0005313013705170288
73000 1 0.0001985505807604487 0.000524105744099201
74000 1 0.0001985308715505261 0.0005172176538687152
75000 1 0.00019851116625310174 0.0005106102405866868
76000 1 0.0001984914648670107 0.0005042593553254179
77000 1 0.0001984717673910886 0.0004981432789173111
78000 1 0.00019845207382417147 0.0004922424706585214
79000 1 0.00019843238416509574 0.00048653934320653716
80000 1 0.0001984126984126984 0.0004810180609317331
81000 1 0.00019839301656581688 0.00047566435927016737
82000 1 0.00019837333862328903 0.0004704653828819383
83000 1 0.0001983536645839532 0.0004654095406494742
84000 1 0.00019833399444664818 0.00046048637575609635
85000 1 0.0001983143282102132 0.0004556864492694406
86000 1 0.00019829466587348803 0.0004510012358194009
87000 1 0.0001982750074353128 0.00044642303010784
88000 1 0.00019825535289452818 0.0004419448631195745
89000 1 0.00019823570224997524 0.00043756042702240065
90000 1 0.00019821605550049556 0.0004332640078498989
91000 1 0.00019819641264493112 0.0004290504251555287
92000 1 0.00019817677368212444 0.0004249149779114197
93000 1 0.00019815713861091845 0.0004208533960012602
94000 1 0.00019813750743015652 0.00041686179672464294
95000 1 0.00019811788013868252 0.00041293664579121367
96000 1 0.00019809825673534074 0.00040907472233739286
97000 1 0.00019807863721897593 0.0004052730875472891
98000 1 0.00019805902158843335 0.00040152905650314144
99000 1 0.0001980394098425587 0.000397840172929685
100000 1 0.00019801980198019803 0.0003942041865319092
101000 1 0.000198000198000198 0.0003906190326570271
102000 1 0.00019798059790140568 0.00038708281403955524
103000 1 0.00019796100168266854 0.00038359378441351537
104000 1 0.00019794140934283454 0.00038015033379834134
105000 1 0.00019792182088075212 0.00037675097528516927
106000 1 0.00019790223629527015 0.00037339433316829946
107000 1 0.00019788265558523798 0.0003700791322827217
108000 1 0.00019786307874950537 0.0003668041884231466
109000 1 0.00019784350578692258 0.00036356839973285216
110000 1 0.00019782393669634028 0.0003603707389623781
111000 1 0.00019780437147660966 0.0003572102465083942
112000 1 0.00019778481012658228 0.00035408602415245926
113000 1 0.00019776525264511024 0.0003509972294276707
114000 1 0.00019774569903104606 0.00034794307054871886
115000 1 0.0001977261492832427 0.00034492280184753206
116000 1 0.00019770660340055358 0.0003419357196626801
117000 1 0.00019768706138183255 0.00033898115863610406
118000 1 0.000197667523225934 0.0003360584883755338
119000 1 0.00019764798893171263 0.0003331671104452453
120000 1 0.0001976284584980237 0.0003303064556517112
121000 1 0.00019760893192372297 0.00032747598159412253
122000 1 0.00019758940920766647 0.0003246751704528753
123000 1 0.00019756989034871086 0.0003219035269918866
124000 1 0.00019755037534571317 0.00031916057675308564
125000 1 0.00019753086419753088 0.000316445864423683
126000 1 0.00019751135690302193 0.00031375895235878176
127000 1 0.00019749185346104475 0.0003110994192437124
128000 1 0.00019747235387045816 0.00030846685888206185
129000 1 0.00019745285813012147 0.0003058608790968328
130000 1 0.00019743336623889441 0.0003032811007334054
131000 1 0.00019741387819563718 0.00030072715675419354
132000 1 0.00019739439399921041 0.00029819869141588625
133000 1 0.00019737491364847526 0.00029569535952109134
134000 1 0.00019735543714229325 0.00029321682573705144
135000 1 0.0001973359644795264 0.00029076276397484044
136000 1 0.0001973164956590371 0.0002883328568231184
137000 1 0.00019729703067968826 0.0002859267950311165
138000 1 0.00019727756954034326 0.0002835442770360768
139000 1 0.00019725811223986588 0.0002811850085308498
140000 1 0.0001972386587771203 0.00027884870206777495
141000 1 0.0001972192091509713 0.00027653507669538155
142000 1 0.00019719976336028398 0.0002742438576247785
143000 1 0.0001971803214039239 0.0002719747759229096
144000 1 0.00019716088328075712 0.0002697275682301564
145000 1 0.00019714144898965008 0.00026750197650000966
146000 1 0.00019712201852946975 0.00026529774775874864
147000 1 0.00019710259189908348 0.0002631146338832773
148000 1 0.0001970831690973591 0.00026095239139547067
149000 1 0.00019706375012316487 0.0002588107812715029
150000 1 0.0001970443349753695 0.0002566895687648232
151000 1 0.0001970249236528421 0.00025458852324155483
152000 1 0.0001970055161544523 0.00025250741802720136
153000 1 0.0001969861124790702 0.00025044603026368417
154000 1 0.00019696671262556627 0.00024840414077580033
155000 1 0.00019694731659281143 0.0002463815339462872
156000 1 0.00019692792437967703 0.0002443779975987696
157000 1 0.00019690853598503495 0.00024239332288791555
158000 1 0.00019688915140775743 0.00024042730419619997
159000 1 0.0001968697706467172 0.00023847973903674127
160000 1 0.0001968503937007874 0.00023655042796170145
161000 1 0.00019683102056884165 0.00023463917447581853
162000 1 0.000196811651249754 0.00023274578495465967
163000 1 0.00019679228574239892 0.00023087006856721282
164000 1 0.00019677292404565134 0.0002290118372025116
165000 1 0.00019675356615838664 0.00022717090539995575
166000 1 0.00019673421207948064 0.0002253470902830771
167000 1 0.0001967148618078096 0.00022354021149648422
168000 1 0.00019669551534225022 0.00022175009114575752
169000 1 0.00019667617268167965 0.00021997655374008846
170000 1 0.00019665683382497545 0.0002182194261374719
171000 1 0.00019663749877101567 0.0002164785374922745
172000 1 0.00019661816751867872 0.0002147537192050187
173000 1 0.0001965988400668436 0.00021304480487423718
174000 1 0.0001965795164143896 0.00021135163025026097
175000 1 0.00019656019656019656 0.00020967403319082585
176000 1 0.00019654088050314466 0.00020801185361837745
177000 1 0.00019652156824211456 0.0002063649334789632
178000 1 0.00019650225977598743 0.0002047331167026372
179000 1 0.00019648295510364477 0.0002031162491652726
180000 1 0.00019646365422396858 0.00020151417865169814
181000 1 0.0001964443571358413 0.00019992675482010397
182000 1 0.00019642506383814575 0.000198353829167622
183000 1 0.00019640577432976532 0.00019679525499703438
184000 1 0.00019638648860958367 0.00019525088738454503
185000 1 0.00019636720667648503 0.0001937205831485542
186000 1 0.00019634792852935403 0.00019220420081939837
187000 1 0.00019632865416707571 0.00019070160060998686
188000 1 0.00019630938358853556 0.0001892126443873156
189000 1 0.00019629011679261953 0.0001877371956447943
190000 1 0.00019627085377821397 0.00018627511947536224
191000 1 0.0001962515945442057 0.00018482628254535264
192000 1 0.00019623233908948193 0.00018339055306906902
193000 1 0.00019621308741293042 0.0001819678007840484
194000 1 0.00019619383951343926 0.00018055789692697445
195000 1 0.000196174595389897 0.0001791607142102183
196000 1 0.00019615535504119262 0.00017777612679897766
197000 1 0.00019613611846621556 0.00017640401028899263
198000 1 0.00019611688566385565 0.00017504424168480705
199000 1 0.00019609765663300324 0.0001736966993785727
200000 1 0.00019607843137254904 0.000172361263129344
201000 1 0.0001960592098813842 0.00017103781404288006
202000 1 0.00019603999215840032 0.00016972623455190986
203000 1 0.00019602077820248947 0.00016842640839684626
204000 1 0.00019600156801254413 0.0001671382206069498
205000 1 0.00019598236158745714 0.000165861557481904
206000 1 0.00019596315892612192 0.00016459630657379866
207000 1 0.00019594396002743216 0.00016334235666951418
208000 1 0.00019592476489028215 0.0001620995977734695
209000 1 0.0001959055735135665 0.00016086792109075285
210000 1 0.00019588638589618023 0.00015964721901059507
211000 1 0.00019586720203701894 0.00015843738509018973
212000 1 0.00019584802193497845 0.00015723831403884652
213000 1 0.00019582884558895524 0.00015604990170245975
214000 1 0.00019580967299784609 0.00015487204504829486
215000 1 0.0001957905041605482 0.00015370464215006918
216000 1 0.00019577133907595928 0.00015254759217332573
217000 1 0.0001957521777429774 0.00015140079536109883
218000 1 0.00019573302016050108 0.00015026415301983852
219000 1 0.0001957138663274293 0.00014913756750561358
220000 1 0.00019569471624266145 0.00014802094221057118
221000 1 0.00019567556990509734 0.0001469141815496405
222000 1 0.00019565642731363727 0.00014581719094748898
223000 1 0.00019563728846718186 0.00014472987682571085
224000 1 0.00019561815336463224 0.00014365214659024661
225000 1 0.00019559902200488998 0.00014258390861902854
226000 1 0.00019557989438685706 0.00014152507224984127
227000 1 0.00019556077050943583 0.000140475547768396
228000 1 0.00019554165037152915 0.0001394352463966106
229000 1 0.0001955225339720403 0.00013840408028109125
230000 1 0.00019550342130987295 0.0001373819624818098
231000 1 0.00019548431238393122 0.0001363688069609686
232000 1 0.00019546520719311962 0.0001353645285720576
233000 1 0.00019544610573634318 0.00013436904304908512
234000 1 0.00019542700801250732 0.0001333822669959897
235000 1 0.00019540791402051784 0.0001324041178762228
236000 1 0.00019538882375928096 0.0001314345140025009
237000 1 0.00019536973722770342 0.0001304733745267181
238000 1 0.0001953506544246923 0.0001295206194300192
239000 1 0.0001953315753491552 0.00012857616951303266
240000 1 0.0001953125 0.0001276399463862524
241000 1 0.00019529342837613516 0.00012671187246056847
242000 1 0.00019527436047646945 0.00012579187093794323
243000 1 0.00019525529629991215 0.00012487986580223153
244000 1 0.0001952362358453729 0.00012397578181013764
245000 1 0.00019521717911176185 0.0001230795444823085
246000 1 0.00019519812609798947 0.0001221910800945586
247000 1 0.00019517907680296673 0.0001213103156692285
248000 1 0.00019516003122560502 0.00012043717896666241
249000 1 0.0001951409893648161 0.00011957159847682033
250000 1 0.00019512195121951223 0.00011871350341100109
251000 1 0.00019510291678860603 0.00011786282369369358
252000 1 0.00019508388607101057 0.00011701948995453694
253000 1 0.00019506485906563932 0.0001161834335203987
254000 1 0.00019504583577140627 0.00011535458640756498
255000 1 0.00019502681618722574 0.0001145328813140404
256000 1 0.0001950078003120125 0.00011371825161194634
257000 1 0.00019498878814468168 0.00011291063134003941
258000 1 0.00019496977968414895 0.00011210995519632048
259000 1 0.00019495077492933034 0.00011131615853075157
260000 1 0.0001949317738791423 0.00011052917733806467
261000 1 0.0001949127765325017 0.00010974894825067669
262000 1 0.00019489378288832588 0.00010897540853169188
263000 1 0.0001948747929455325 0.00010820849606799917
264000 1 0.00019485580670303975 0.00010744814936346618
265000 1 0.00019483682415976622 0.00010669430753221392
266000 1 0.00019481784531463084 0.00010594691029198836
267000 1 0.00019479887016655306 0.00010520589795761443
268000 1 0.0001947798987144527 0.00010447121143453435
269000 1 0.00019476093095725 0.00010374279221243192
270000 1 0.00019474196689386566 0.00010302058235893329
271000 1 0.00019472300652322074 0.00010230452451339908
272000 1 0.00019470404984423678 0.00010159456188078391
273000 1 0.00019468509685583569 0.0001008906382255805
274000 1 0.00019466614755693983 0.00010019269786583414
275000 1 0.00019464720194647202 9.95006856672432e-05
276000 1 0.00019462826002335538 9.881454703731927e-05
277000 1 0.00019460932178651358 9.813422791963109e-05
278000 1 0.0001945903872348706 9.745967478811337e-05
279000 1 0.0001945714563673509 9.679083464145075e-05
280000 1 0.0001945525291828794 9.6127654997523e-05
281000 1 0.0001945336056803813 9.547008388792606e-05
282000 1 0.00019451468585878235 9.481806985255631e-05
283000 1 0.00019449576971700868 9.417156193426197e-05
284000 1 0.00019447685725398678 9.35305096735527e-05
285000 1 0.00019445794846864367 9.289486310338417e-05
286000 1 0.00019443904335990667 9.226457274399482e-05
287000 1 0.00019442014192670362 9.163958959780945e-05
288000 1 0.0001944012441679627 9.10198651444034e-05
289000 1 0.00019438235008261253 9.040535133552304e-05
290000 1 0.00019436345966958215 8.979600059016765e-05
291000 1 0.000194344572927801 8.919176578973052e-05
292000 1 0.00019432568985619901 8.859260027319487e-05
293000 1 0.0001943068104537064 8.799845783238392e-05
294000 1 0.00019428793471925392 8.740929270727272e-05
295000 1 0.0001942690626517727 8.682505958134627e-05
296000 1 0.00019425019425019425 8.62457135770185e-05
297000 1 0.00019423132951345052 8.567121025109929e-05
298000 1 0.0001942124684404739 8.510150559031791e-05
299000 1 0.00019419361103019712 8.453655600689124e-05
300000 1 0.0001941747572815534 8.397631833415242e-05
301000 1 0.00019415590719347637 8.342074982221888e-05
302000 1 0.00019413706076490002 8.286980813371668e-05
303000 1 0.00019411821799475881 8.232345133955364e-05
304000 1 0.0001940993788819876 8.17816379147322e-05
305000 1 0.0001940805434255216 8.12443267342202e-05
306000 1 0.00019406171162429656 8.071147706886132e-05
307000 1 0.00019404288347724848 8.018304858133358e-05
308000 1 0.00019402405898331394 7.965900132215185e-05
309000 1 0.00019400523814142983 7.913929572571815e-05
310000 1 0.0001939864209505335 7.862389260641196e-05
311000 1 0.00019396760740956264 7.811275315472724e-05
312000 1 0.00019394879751745542 7.760583893344971e-05
313000 1 0.0001939299912731504 7.710311187387706e-05
314000 1 0.00019391118867558658 7.660453427208511e-05
315000 1 0.00019389238972370335 7.611006878522631e-05
316000 1 0.00019387359441644047 7.561967842787973e-05
317000 1 0.0001938548027527382 7.513332656843175e-05
318000 1 0.0001938360147315371 7.465097692550195e-05
319000 1 0.00019381723035177828 7.417259356440505e-05
320000 1 0.0001937984496124031 7.36981408936544e-05
321000 1 0.00019377967251235347 7.32275836615004e-05
322000 1 0.0001937608990505716 7.276088695250949e-05
323000 1 0.0001937421292260002 7.229801618417922e-05
324000 1 0.00019372336303758234 7.183893710358672e-05
325000 1 0.00019370460048426152 7.138361578407922e-05
326000 1 0.00019368584156498163 7.093201862199726e-05
327000 1 0.00019366708627868695 7.048411233343193e-05
328000 1 0.00019364833462432224 7.003986395101789e-05
329000 1 0.00019362958660083262 6.959924082076556e-05
330000 1 0.0001936108422071636 6.916221059891759e-05
331000 1 0.0001935921014422612 6.872874124884736e-05
332000 1 0.00019357336430507165 6.829880103798883e-05
333000 1 0.00019355463079454176 6.787235853479618e-05
334000 1 0.0001935359009096187 6.744938260573815e-05
335000 1 0.00019351717464925012 6.702984241232438e-05
336000 1 0.00019349845201238389 6.661370740816287e-05
337000 1 0.00019347973299796846 6.62009473360491e-05
338000 1 0.0001934610176049526 6.579153222508572e-05
339000 1 0.00019344230583228552 6.5385432387832e-05
340000 1 0.00019342359767891682 6.49826184174855e-05
341000 1 0.00019340489314379654 6.458306118509071e-05
342000 1 0.0001933861922258751 6.418673183677877e-05
343000 1 0.00019336749492410328 6.379360179103668e-05
344000 1 0.00019334880123743234 6.340364273600612e-05
345000 1 0.00019333011116481395 6.301682662680541e-05
346000 1 0.0001933114247052001 6.263312568288585e-05
347000 1 0.00019329274185754327 6.225251238541356e-05
348000 1 0.0001932740626207963 6.187495947467695e-05
349000 1 0.00019325538699391248 6.150043994752394e-05
350000 1 0.00019323671497584543 6.112892705482352e-05
351000 1 0.00019321804656554926 6.076039429895813e-05
352000 1 0.00019319938176197838 6.0394815431333674e-05
353000 1 0.00019318072056408774 6.0032164449927583e-05
354000 1 0.00019316206297083252 5.96724155968502e-05
355000 1 0.00019314340898116852 5.931554335593935e-05
356000 1 0.00019312475859405175 5.896152245037925e-05
357000 1 0.00019310611180843875 5.86103278403388e-05
358000 1 0.00019308746862328635 5.826193472064212e-05
359000 1 0.0001930688290375519 5.7916318518455805e-05
360000 1 0.00019305019305019305 5.757345489100431e-05
361000 1 0.00019303156066016795 5.7233319723308774e-05
362000 1 0.00019301293186643506 5.6895889125948976e-05
363000 1 0.0001929943066679533 5.6561139432845914e-05
364000 1 0.00019297568506368199 5.622904719907171e-05
365000 1 0.0001929570670525808 5.589958919867758e-05
366000 1 0.0001929384526336099 5.557274242254719e-05
367000 1 0.00019291984180572972 5.5248484076271225e-05
368000 1 0.00019290123456790125 5.492679157804272e-05
369000 1 0.00019288263091908576 5.4607642556575846e-05
370000 1 0.00019286403085824497 5.429101484904598e-05
371000 1 0.00019284543438434097 5.397688649904746e-05
372000 1 0.00019282684149633632 5.366523575457766e-05
373000 1 0.00019280825219319386 5.3356041066037156e-05
374000 1 0.000192789666473877 5.304928108425277e-05
375000 1 0.0001927710843373494 5.274493465852156e-05
376000 1 0.00019275250578257516 5.244298083467011e-05
377000 1 0.00019273393080851883 5.2143398853139696e-05
378000 1 0.0001927153594141453 5.1846168147087784e-05
379000 1 0.00019269679159841988 5.1551268340508215e-05
380000 1 0.0001926782273603083 5.1258679246373106e-05
381000 1 0.00019265966669877662 5.096838086479157e-05
382000 1 0.00019264110961279138 5.068035338118782e-05
383000 1 0.00019262255610131947 5.0394577164497374e-05
384000 1 0.0001926040061633282 5.011103276538297e-05
385000 1 0.00019258545979778527 4.9829700914467024e-05
386000 1 0.0001925669170036588 4.9550562520584134e-05
387000 1 0.00019254837777991723 4.927359866904656e-05
388000 1 0.00019252984212552948 4.899879061993353e-05
389000 1 0.00019251131003946483 4.872611980639432e-05
390000 1 0.000192492781520693 4.84555678329689e-05
391000 1 0.00019247425656818403 4.818711647392503e-05
392000 1 0.0001924557351809084 4.7920747671614354e-05
393000 1 0.00019243721735783703 4.7656443534843163e-05
394000 1 0.00019241870309794111 4.739418633725986e-05
395000 1 0.0001924001924001924 4.7133958515757635e-05
396000 1 0.0001923816852635629 4.6875742668899266e-05
397000 1 0.0001923631816870251 4.661952155534696e-05
398000 1 0.00019234468166955183 4.6365278092320074e-05
399000 1 0.00019232618521011636 4.611299535405891e-05
400000 1 0.0001923076923076923 4.5862656570307924e-05
401000 1 0.00019228920296125374 4.561424512481579e-05
402000 1 0.00019227071716977504 4.536774455384597e-05
403000 1 0.0001922522349322311 4.512313854470852e-05
404000 1 0.00019223375624759708 4.4880410934299044e-05
405000 1 0.00019221528111484863 4.4639545707659905e-05
406000 1 0.00019219680953296177 4.440052699655066e-05
407000 1 0.00019217834150091288 4.4163339078034304e-05
408000 1 0.00019215987701767874 4.39279663730784e-05
409000 1 0.00019214141608223654 4.369439344517007e-05
410000 1 0.0001921229586935639 4.3462604998944265e-05
411000 1 0.00019210450485063877 4.323258587882572e-05
412000 1 0.00019208605455243953 4.300432106768574e-05
413000 1 0.0001920676077979449 4.277779568551128e-05
414000 1 0.00019204916458613405 4.2552994988086634e-05
415000 1 0.00019203072491598655 4.232990436569078e-05
416000 1 0.00019201228878648233 4.210850934180492e-05
417000 1 0.0001919938561966017 4.188879557183648e-05
418000 1 0.0001919754271453254 4.167074884184942e-05
419000 1 0.0001919570016316345 4.145435506731653e-05
420000 1 0.00019193857965451057 4.123960029187598e-05
421000 1 0.00019192016121293544 4.102647068610348e-05
422000 1 0.0001919017463058914 4.0814952546298016e-05
423000 1 0.00019188333493236112 4.060503229327705e-05
424000 1 0.0001918649270913277 4.039669647118553e-05
425000 1 0.0001918465227817746 4.018993174631608e-05
426000 1 0.0001918281220026856 3.9984724905940744e-05
427000 1 0.000191809724753045 3.9781062857154165e-05
428000 1 0.00019179133103183738 3.957893262573097e-05
429000 1 0.00019177294083804776 3.937832135498885e-05
430000 1 0.00019175455417066157 3.917921630466933e-05
431000 1 0.0001917361710286646 3.898160484982531e-05
432000 1 0.00019171779141104298 3.8785474479720456e-05
433000 1 0.0001916994153167833 3.8590812796741995e-05
434000 1 0.00019168104274487253 3.839760751532077e-05
435000 1 0.00019166267369429802 3.820584646086412e-05
436000 1 0.0001916443081640475 3.801551756869872e-05
437000 1 0.00019162594615310913 3.782660888302454e-05
438000 1 0.00019160758766047136 3.763910855587783e-05
439000 1 0.0001915892326851231 3.745300484610618e-05
440000 1 0.00019157088122605365 3.7268286118351094e-05
441000 1 0.00019155253328225267 3.7084940842045106e-05
442000 1 0.0001915341888527102 3.690295759041222e-05
443000 1 0.00019151584793641676 3.67223250394858e-05
444000 1 0.0001914975105323631 3.65430319671296e-05
445000 1 0.00019147917663954047 3.636506725207248e-05
446000 1 0.00019146084625694046 3.618841987295071e-05
447000 1 0.0001914425193835551 3.601307890736243e-05
448000 1 0.00019142419601837673 3.5839033530925934e-05
449000 1 0.00019140587616039815 3.566627301635359e-05
450000 1 0.00019138755980861247 3.549478673253143e-05
451000 1 0.00019136924696201322 3.5324564143607896e-05
452000 1 0.00019135093761959437 3.515559480809224e-05
453000 1 0.00019133263178035018 3.498786837796213e-05
454000 1 0.00019131432944327533 3.4821374597779436e-05
455000 1 0.0001912960306073649 3.46561033038147e-05
456000 1 0.00019127773527161438 3.449204442317927e-05
457000 1 0.0001912594434350196 3.4329187972970444e-05
458000 1 0.00019124115509657678 3.4167524059417376e-05
459000 1 0.00019122287025528253 3.400704287704362e-05
460000 1 0.00019120458891013384 3.384773470783143e-05
461000 1 0.0001911863110601281 3.3689589920397195e-05
462000 1 0.00019116803670426305 3.3532598969174515e-05
463000 1 0.00019114976584153686 3.337675239360734e-05
464000 1 0.00019113149847094801 3.3222040817346554e-05
465000 1 0.00019111323459149548 3.306845494745814e-05
466000 1 0.0001910949742021785 3.2915985573636625e-05
467000 1 0.00019107671730199676 3.276462356743018e-05
468000 1 0.00019105846388995035 3.261435988146799e-05
469000 1 0.00019104021396503966 3.2465185548698986e-05
470000 1 0.00019102196752626555 3.2317091681636975e-05
471000 1 0.0001910037245726292 3.217006947161245e-05
472000 1 0.00019098548510313219 3.2024110188034224e-05
473000 1 0.0001909672491167765 3.1879205177652874e-05
474000 1 0.00019094901661256442 3.173534586383954e-05
475000 1 0.0001909307875894988 3.159252374586217e-05
476000 1 0.00019091256204658265 3.145073039817873e-05
477000 1 0.0001908943399828195 3.13099574697289e-05
478000 1 0.0001908761213972132 3.117019668323703e-05
479000 1 0.00019085790628876802 3.103143983452248e-05
480000 1 0.00019083969465648855 3.089367879181452e-05
481000 1 0.00019082148649937983 3.075690549507269e-05
482000 1 0.00019080328181644724 3.062111195532026e-05
483000 1 0.00019078508060669657 3.048629025397469e-05
484000 1 0.00019076688286913393 3.0352432542193296e-05
485000 1 0.00019074868860276587 3.0219531040221064e-05
486000 1 0.00019073049780659929 3.008757803674277e-05
487000 1 0.00019071231047964148 2.995656588824743e-05
488000 1 0.00019069412662090009 2.982648701839395e-05
489000 1 0.0001906759462293832 2.969733391738445e-05
490000 1 0.00019065776930409916 2.95690991413445e-05
491000 1 0.00019063959584405684 2.944177531170764e-05
492000 1 0.00019062142584826537 2.9315355114608102e-05
493000 1 0.00019060325931573432 2.9189831300276972e-05
494000 1 0.00019058509624547365 2.9065196682447107e-05
495000 1 0.00019056693663649355 2.894144413776101e-05
496000 1 0.00019054878048780488 2.8818566605185084e-05
497000 1 0.0001905306277984186 2.8696557085432063e-05
498000 1 0.00019051247856734615 2.8575408640384826e-05
499000 1 0.00019049433279359938 2.8455114392530826e-05
500000 1 0.00019047619047619048 2.833566752439632e-05
501000 1 0.00019045805161413198 2.821706127799096e-05
502000 1 0.00019043991620643687 2.8099288954256037e-05
503000 1 0.00019042178425211846 2.79823439125166e-05
504000 1 0.0001904036557501904 2.7866219569940907e-05
505000 1 0.00019038553069966683 2.775090940100365e-05
506000 1 0.00019036740909956216 2.7636406936956518e-05
507000 1 0.00019034929094889123 2.752270576530123e-05
508000 1 0.00019033117624666921 2.740979952926919e-05
509000 1 0.0001903130649919117 2.7297681927305778e-05
510000 1 0.00019029495718363466 2.7186346712559874e-05
511000 1 0.00019027685282085437 2.707578769237783e-05
512000 1 0.00019025875190258754 2.696599872780441e-05
513000 1 0.00019024065442785126 2.6856973733083357e-05
514000 1 0.00019022256039566296 2.6748706675168475e-05
515000 1 0.0001902044698050404 2.664119157323803e-05
516000 1 0.0001901863826550019 2.6534422498210612e-05
517000 1 0.00019016829894456593 2.6428393572269893e-05
518000 1 0.00019015021867275147 2.6323098968390888e-05
519000 1 0.0001901321418385778 2.621853290987292e-05
520000 1 0.00019011406844106463 2.6114689669874803e-05
521000 1 0.000190095998479232 2.6011563570957668e-05
522000 1 0.00019007793195210037 2.5909148984629066e-05
523000 1 0.0001900598688586905 2.580744033089338e-05
524000 1 0.00019004180919802356 2.5706432077805258e-05
525000 1 0.00019002375296912116 2.560611874102839e-05
526000 1 0.00019000570017100514 2.550649488339861e-05
527000 1 0.00018998765080269783 2.540755511449088e-05
528000 1 0.0001899696048632219 2.530929409018847e-05
529000 1 0.00018995156235160037 2.52117065122603e-05
530000 1 0.00018993352326685662 2.5114787127938946e-05
531000 1 0.00018991548760801446 2.5018530729504053e-05
532000 1 0.000189897455374098 2.4922932153870256e-05
533000 1 0.0001898794265641318 2.4827986282177027e-05
534000 1 0.0001898614011771407 2.4733688039385413e-05
535000 1 0.00018984337921214997 2.464003239387596e-05
536000 1 0.00018982536066818525 2.454701435705148e-05
537000 1 0.00018980734554427256 2.4454628982944562e-05
538000 1 0.0001897893338394382 2.436287136782784e-05
539000 1 0.000189771325552709 2.4271736649826877e-05
540000 1 0.00018975332068311195 2.418122000853978e-05
541000 1 0.0001897353192296746 2.4091316664656743e-05
542000 1 0.00018971732119142478 2.4002021879587655e-05
543000 1 0.00018969932656739068 2.3913330955088377e-05
544000 1 0.00018968133535660092 2.38252392328945e-05
545000 1 0.0001896633475580844 2.373774209435648e-05
546000 1 0.0001896453631708705 2.365083496007899e-05
547000 1 0.00018962738219398882 2.3564513289563546e-05
548000 1 0.0001896094046264695 2.347877258085487e-05
549000 1 0.0001895914304673429 2.3393608370189723e-05
550000 1 0.00018957345971563983 2.3309016231650637e-05
551000 1 0.00018955549237039144 2.322499177682119e-05
552000 1 0.0001895375284306293 2.3141530654445987e-05
553000 1 0.00018951956789538523 2.305862855009261e-05
554000 1 0.0001895016107636915 2.29762811858188e-05
555000 1 0.00018948365703458077 2.2894484319839443e-05
556000 1 0.00018946570670708602 2.28132337462008e-05
557000 1 0.0001894477597802406 2.2732525294454593e-05
558000 1 0.00018942981625307822 2.265235482933646e-05
559000 1 0.000189411876124633 2.2572718250448128e-05
560000 1 0.0001893939393939394 2.2493611491940772e-05
561000 1 0.0001893760060600322 2.2415030522204374e-05
562000 1 0.0001893580761219466 2.2336971343555188e-05
563000 1 0.00018934014957871817 2.2259429991932175e-05
564000 1 0.00018932222642938283 2.2182402536591257e-05
565000 1 0.0001893043066729768 2.2105885079805727e-05
566000 1 0.00018928639030853684 2.202987375656705e-05
567000 1 0.00018926847733509986 2.1954364734290686e-05
568000 1 0.00018925056775170328 2.1879354212524148e-05
569000 1 0.00018923266155738484 2.1804838422655477e-05
570000 1 0.00018921475875118262 2.1730813627628535e-05
571000 1 0.0001891968593321351 2.1657276121657602e-05
572000 1 0.00018917896329928113 2.158422222994601e-05
573000 1 0.00018916107065165992 2.1511648308408346e-05
574000 1 0.000189143181388311 2.143955074339302e-05
575000 1 0.0001891252955082742 2.1367925951409562e-05
576000 1 0.00018910741301059002 2.129677037885776e-05
577000 1 0.00018908953389429895 2.1226080501758403e-05
578000 1 0.00018907165815844205 2.1155852825488384e-05
579000 1 0.0001890537858020607 2.10860838845166e-05
580000 1 0.0001890359168241966 2.101677024214426e-05
581000 1 0.00018901805122389188 2.0947908490244826e-05
582000 1 0.000189000189000189 2.087949524900913e-05
583000 1 0.0001889823301521308 2.0811527166692055e-05
584000 1 0.0001889644746787604 2.0744000919360816e-05
585000 1 0.0001889466225791214 2.0676913210646083e-05
586000 1 0.0001889287738522577 2.061026077149574e-05
587000 1 0.00018891092849721358 2.0544040359931548e-05
588000 1 0.00018889308651303364 2.047824876080563e-05
589000 1 0.00018887524789876287 2.0412882785562025e-05
590000 1 0.00018885741265344666 2.034793927199968e-05
591000 1 0.0001888395807761307 2.0283415084036816e-05
592000 1 0.00018882175226586105 2.0219307111477712e-05
593000 1 0.00018880392712168417 2.015561226978315e-05
594000 1 0.0001887861053426468 2.009232749984095e-05
595000 1 0.00018876828692779616 2.0029449767739742e-05
596000 1 0.00018875047187617969 1.9966976064545108e-05
597000 1 0.00018873266018684532 1.9904903406077066e-05
598000 1 0.0001887148518588413 1.9843228832690935e-05
599000 1 0.00018869704689121616 1.978194940905758e-05
600000 1 0.00018867924528301886 1.972106222394921e-05
601000 1 0.00018866144703329874 1.9660564390024284e-05
602000 1 0.00018864365214110544 1.960045304361694e-05
603000 1 0.00018862586060548902 1.9540725344524996e-05
604000 1 0.0001886080724254998 1.9481378475804433e-05
605000 1 0.0001885902876001886 1.942240964356086e-05
606000 1 0.00018857250612860647 1.936381607674749e-05
607000 1 0.00018855472800980485 1.9305595026962295e-05
608000 1 0.0001885369532428356 1.9247743768246828e-05
609000 1 0.0001885191818267509 1.9190259596889162e-05
610000 1 0.00018850141376060322 1.9133139831225752e-05
611000 1 0.0001884836490434455 1.9076381811448992e-05
612000 1 0.00018846588767433098 1.9019982899412026e-05
613000 1 0.00018844812965231321 1.896394047843823e-05
614000 1 0.00018843037497644623 1.8908251953133076e-05
615000 1 0.00018841262364578426 1.8852914749194583e-05
616000 1 0.00018839487565938207 1.8797926313229737e-05
617000 1 0.00018837713101629462 1.8743284112567653e-05
618000 1 0.0001883593897155773 1.8688985635079868e-05
619000 1 0.0001883416517562859 1.8635028388998377e-05
620000 1 0.00018832391713747646 1.858140990273623e-05
621000 1 0.00018830618585820544 1.8528127724711127e-05
622000 1 0.00018828845791752966 1.847517942316892e-05
623000 1 0.00018827073331450627 1.8422562586010374e-05
624000 1 0.00018825301204819278 1.837027482061794e-05
625000 1 0.00018823529411764707 1.8318313753685762e-05
626000 1 0.00018821757952192737 1.8266677031048904e-05
627000 1 0.00018819986826009222 1.821536231751731e-05
628000 1 0.0001881821603312006 1.81643672967091e-05
629000 1 0.0001881644557343118 1.8113689670885716e-05
630000 1 0.00018814675446848545 1.8063327160788975e-05
631000 1 0.0001881290565327815 1.8013277505479525e-05
632000 1 0.00018811136192626037 1.796353846217701e-05
633000 1 0.00018809367064798272 1.7914107806101172e-05
634000 1 0.00018807598269700963 1.7864983330314948e-05
635000 1 0.00018805829807240246 1.781616284556847e-05
636000 1 0.000188040616773223 1.776764418014548e-05
637000 1 0.00018802293879853342 1.771942517971006e-05
638000 1 0.00018800526414739614 1.767150370715508e-05
639000 1 0.00018798759281887396 1.762387764245258e-05
640000 1 0.00018796992481203009 1.7576544882505424e-05
641000 1 0.000187952260125928 1.752950334099916e-05
642000 1 0.00018793459875963165 1.7482750948257272e-05
643000 1 0.0001879169407122052 1.7436285651095768e-05
644000 1 0.00018789928598271328 1.739010541268019e-05
645000 1 0.00018788163457022076 1.7344208212384226e-05
646000 1 0.00018786398647379298 1.729859204564862e-05
647000 1 0.00018784634169249556 1.725325492384166e-05
648000 1 0.00018782870022539445 1.720819487412226e-05
649000 1 0.00018781106207155603 1.7163409939301822e-05
650000 1 0.00018779342723004698 1.711889817771036e-05
651000 1 0.0001877757956999343 1.7074657663060634e-05
652000 1 0.00018775816748028542 1.7030686484316696e-05
653000 1 0.00018774054257016806 1.6986982745560656e-05
654000 1 0.0001877229209686503 1.694354456586314e-05
655000 1 0.00018770530267480054 1.690037007915386e-05
656000 1 0.0001876876876876877 1.685745743409297e-05
657000 1 0.00018767007600638077 1.68148047939443e-05
658000 1 0.00018765246762994932 1.6772410336449984e-05
659000 1 0.00018763486255746317 1.6730272253705038e-05
660000 1 0.0001876172607879925 1.6688388752033914e-05
661000 1 0.00018759966232060783 1.6646758051868933e-05
662000 1 0.00018758206715438003 1.6605378387627574e-05
663000 1 0.00018756447528838038 1.6564248007594322e-05
664000 1 0.00018754688672168043 1.652336517379929e-05
665000 1 0.0001875293014533521 1.64827281619016e-05
666000 1 0.00018751171948246768 1.644233526107246e-05
667000 1 0.00018749414080809976 1.640218477387883e-05
668000 1 0.00018747656542932134 1.636227501616907e-05
669000 1 0.00018745899334520575 1.6322604316958936e-05
670000 1 0.00018744142455482665 1.6283171018319108e-05
671000 1 0.000187423859057258 1.6243973475262735e-05
672000 1 0.00018740629685157423 1.6205010055636545e-05
673000 1 0.00018738873793685003 1.6166279140008777e-05
674000 1 0.0001873711823121604 1.6127779121563046e-05
675000 1 0.00018735362997658082 1.608950840598835e-05
676000 1 0.00018733608092918696 1.6051465411374393e-05
677000 1 0.00018731853516905497 1.601364856810446e-05
678000 1 0.00018730099269526128 1.5976056318751533e-05
679000 1 0.00018728345350688266 1.593868711797401e-05
680000 1 0.00018726591760299626 1.590153943241315e-05
681000 1 0.00018724838498267952 1.5864611740590885e-05
682000 1 0.0001872308556450103 1.58279025328089e-05
683000 1 0.00018721332958906674 1.579141031104885e-05
684000 1 0.00018719580681392738 1.5755133588872668e-05
685000 1 0.00018717828731867105 1.571907089132508e-05
686000 1 0.00018716077110237696 1.568322075483531e-05
687000 1 0.00018714325816412465 1.5647581727120767e-05
688000 1 0.00018712574850299402 1.5612152367092087e-05
689000 1 0.00018710824211806533 1.557693124475846e-05
690000 1 0.0001870907390084191 1.5541916941132207e-05
691000 1 0.0001870732391731363 1.5507108048137324e-05
692000 1 0.00018705574261129818 1.5472503168516513e-05
693000 1 0.00018703824932198636 1.5438100915740198e-05
694000 1 0.0001870207593042828 1.540389991391529e-05
695000 1 0.0001870032725572698 1.536989879769662e-05
696000 1 0.00018698578908002994 1.53360962121969e-05
697000 1 0.00018696830887164625 1.530249081289894e-05
698000 1 0.0001869508319312021 1.5269081265568943e-05
699000 1 0.0001869333582577811 1.523586624616858e-05
700000 1 0.00018691588785046728 1.5202844440770575e-05
701000 1 0.00018689842070834502 1.5170014545473357e-05
702000 1 0.00018688095683049897 1.5137375266316698e-05
703000 1 0.00018686349621601422 1.5104925319197746e-05
704000 1 0.0001868460388639761 1.5072663429789526e-05
705000 1 0.00018682858477347034 1.5040588333457491e-05
706000 1 0.00018681113394358306 1.500869877517926e-05
707000 1 0.0001867936863734006 1.497699350946443e-05
708000 1 0.00018677624206200972 1.4945471300273581e-05
709000 1 0.00018675880100849754 1.4914130920940172e-05
710000 1 0.00018674136321195146 1.4882971154092315e-05
711000 1 0.00018672392867145928 1.4851990791573748e-05
712000 1 0.00018670649738610905 1.482118863436888e-05
713000 1 0.00018668906935498928 1.4790563492524504e-05
714000 1 0.00018667164457718876 1.4760114185075757e-05
715000 1 0.00018665422305179656 1.4729839539970672e-05
716000 1 0.0001866368047779022 1.4699738393995256e-05
717000 1 0.0001866193897545955 1.4669809592701597e-05
718000 1 0.00018660197798096658 1.4640051990332682e-05
719000 1 0.00018658456945610597 1.4610464449752357e-05
720000 1 0.00018656716417910448 1.4581045842372267e-05
721000 1 0.00018654976214905325 1.4551795048080934e-05
722000 1 0.00018653236336504383 1.4522710955174355e-05
723000 1 0.00018651496782616804 1.4493792460285359e-05
724000 1 0.0001864975755315181 1.4465038468314842e-05
725000 1 0.00018648018648018648 1.4436447892363558e-05
726000 1 0.00018646280067126608 1.4408019653663579e-05
727000 1 0.0001864454181038501 1.437975268151121e-05
728000 1 0.00018642803877703208 1.4351645913201287e-05
729000 1 0.00018641066268990588 1.4323698293959524e-05
730000 1 0.0001863932898415657 1.429590877687825e-05
731000 1 0.00018637592023110615 1.4268276322850694e-05
732000 1 0.00018635855385762209 1.4240799900507262e-05
733000 1 0.00018634119072020872 1.4213478486151548e-05
734000 1 0.00018632383081796164 1.4186311063696913e-05
735000 1 0.00018630647414997673 1.415929662460403e-05
736000 1 0.00018628912071535025 1.4132434167819135e-05
737000 1 0.0001862717705131787 1.4105722699711793e-05
738000 1 0.00018625442354255913 1.407916123401398e-05
739000 1 0.0001862370798025887 1.4052748791760739e-05
740000 1 0.00018621973929236498 1.4026484401228919e-05
741000 1 0.00018620240201098595 1.4000367097878583e-05
742000 1 0.0001861850679575498 1.3974395924293627e-05
743000 1 0.00018616773713115518 1.3948569930123458e-05
744000 1 0.00018615040953090097 1.3922888172026402e-05
745000 1 0.00018613308515588647 1.3897349713610353e-05
746000 1 0.00018611576400521124 1.3871953625377393e-05
747000 1 0.00018609844607797525 1.3846698984667218e-05
748000 1 0.00018608113137327876 1.382158487560124e-05
749000 1 0.00018606381989022235 1.3796610389027088e-05
750000 1 0.000186046511627907 1.3771774622464047e-05
751000 1 0.00018602920658543394 1.3747076680048237e-05
752000 1 0.00018601190476190478 1.3722515672479595e-05
753000 1 0.00018599460615642148 1.3698090716967802e-05
754000 1 0.00018597731076808633 1.3673800937179345e-05
755000 1 0.0001859600185960019 1.3649645463185161e-05
756000 1 0.0001859427296392711 1.362562343140921e-05
757000 1 0.0001859254438969973 1.3601733984576005e-05
758000 1 0.00018590816136828406 1.3577976271659789e-05
759000 1 0.00018589088205223534 1.3554349447834531e-05
760000 1 0.0001858736059479554 1.3530852674422904e-05
761000 1 0.00018585633305454884 1.350748511884664e-05
762000 1 0.00018583906337112061 1.348424595457814e-05
763000 1 0.000185821796896776 1.3461134361089944e-05
764000 1 0.0001858045336306206 1.343814952380756e-05
765000 1 0.00018578727357176035 1.3415290634061332e-05
766000 1 0.0001857700167193015 1.3392556889037856e-05
767000 1 0.00018575276307235072 1.33699474917338e-05
768000 1 0.00018573551263001488 1.3347461650908839e-05
769000 1 0.00018571826539140126 1.3325098581038825e-05
770000 1 0.00018570102135561747 1.3302857502270212e-05
771000 1 0.00018568378052177145 1.3280737640374541e-05
772000 1 0.00018566654288897143 1.3258738226702608e-05
773000 1 0.00018564930845632602 1.3236858498140846e-05
774000 1 0.00018563207722294416 1.3215097697065815e-05
775000 1 0.00018561484918793507 1.3193455071300664e-05
776000 1 0.00018559762435040833 1.3171929874071451e-05
777000 1 0.00018558040270947386 1.3150521363963608e-05
778000 1 0.00018556318426424197 1.3129228804879966e-05
779000 1 0.00018554596901382316 1.3108051465996831e-05
780000 1 0.00018552875695732838 1.3086988621723094e-05
781000 1 0.00018551154809386884 1.3066039551657766e-05
782000 1 0.0001854943424225561 1.3045203540548866e-05
783000 1 0.00018547713994250208 1.3024479878252425e-05
784000 1 0.000185459940652819 1.300386785969103e-05
785000 1 0.0001854427445526194 1.2983366784814966e-05
786000 1 0.00018542555164101615 1.2962975958560669e-05
787000 1 0.00018540836191712246 1.2942694690811836e-05
788000 1 0.00018539117538005193 1.2922522296360296e-05
789000 1 0.00018537399202891836 1.2902458094866524e-05
790000 1 0.00018535681186283598 1.2882501410821554e-05
791000 1 0.0001853396348809193 1.2862651573507847e-05
792000 1 0.0001853224610822832 1.2842907916962081e-05
793000 1 0.00018530529046604282 1.2823269779937826e-05
794000 1 0.0001852881230313137 1.280373650586685e-05
795000 1 0.0001852709587772117 1.2784307442823087e-05
796000 1 0.00018525379770285293 1.27649819434866e-05
797000 1 0.00018523663980735393 1.2745759365105375e-05
798000 1 0.00018521948508983145 1.2726639069460977e-05
799000 1 0.0001852023335494027 1.2707620422832184e-05
800000 1 0.00018518518518518518 1.2688702795959342e-05
801000 1 0.00018516803999629663 1.266988556400913e-05
802000 1 0.00018515089798185522 1.2651168106540642e-05
803000 1 0.00018513375914097936 1.2632549807469843e-05
804000 1 0.00018511662347278786 1.2614030055035844e-05
805000 1 0.00018509949097639982 1.2595608241766609e-05
806000 1 0.00018508236165093466 1.2577283764446126e-05
807000 1 0.0001850652354955122 1.2559056024080133e-05
808000 1 0.00018504811250925242 1.2540924425863049e-05
809000 1 0.00018503099269127582 1.2522888379145861e-05
810000 1 0.00018501387604070307 1.2504947297403323e-05
811000 1 0.0001849967625566553 1.2487100598201379e-05
812000 1 0.00018497965223825382 1.2469347703165427e-05
813000 1 0.0001849625450846204 1.2451688037948928e-05
814000 1 0.00018494544109487704 1.243412103220178e-05
815000 1 0.00018492834026814613 1.2416646119538875e-05
816000 1 0.00018491124260355032 1.239926273750939e-05
817000 1 0.00018489414810021263 1.2381970327566332e-05
818000 1 0.0001848770567572564 1.2364768335036064e-05
819000 1 0.00018485996857380533 1.2347656209088218e-05
820000 1 0.00018484288354898336 1.2330633402705603e-05
821000 1 0.0001848258016819148 1.2313699372655504e-05
822000 1 0.00018480872297172427 1.229685357945844e-05
823000 1 0.00018479164741753672 1.2280095487361546e-05
824000 1 0.00018477457501847746 1.2263424564307564e-05
825000 1 0.00018475750577367207 1.2246840281907885e-05
826000 1 0.00018474043968224645 1.2230342115412461e-05
827000 1 0.00018472337674332688 1.2213929543683518e-05
828000 1 0.0001847063169560399 1.2197602049166267e-05
829000 1 0.00018468926031951243 1.2181359117862208e-05
830000 1 0.00018467220683287167 1.2165200239301075e-05
831000 1 0.00018465515649524513 1.2149124906513508e-05
832000 1 0.00018463810930576072 1.2133132616005275e-05
833000 1 0.0001846210652635466 1.2117222867729184e-05
834000 1 0.00018460402436773125 1.2101395165058863e-05
835000 1 0.0001845869866174435 1.2085649014763182e-05
836000 1 0.0001845699520118125 1.2069983926979854e-05
837000 1 0.00018455292054996773 1.2054399415189116e-05
838000 1 0.00018453589223103894 1.2038894996188413e-05
839000 1 0.00018451886705415628 1.2023470190067494e-05
840000 1 0.00018450184501845018 1.200812452018241e-05
841000 1 0.00018448482612305137 1.1992857513131046e-05
842000 1 0.00018446781036709093 1.1977668698728125e-05
843000 1 0.00018445079774970027 1.1962557609980608e-05
844000 1 0.00018443378827001107 1.1947523783063755e-05
845000 1 0.00018441678192715537 1.1932566757296342e-05
846000 1 0.00018439977872026554 1.1917686075117351e-05
847000 1 0.00018438277864847425 1.1902881282061455e-05
848000 1 0.00018436578171091448 1.1888151926736259e-05
849000 1 0.00018434878790671953 1.1873497560798159e-05
850000 1 0.00018433179723502307 1.1858917738930219e-05
851000 1 0.00018431480969495901 1.184441201881804e-05
852000 1 0.00018429782528566166 1.1829979961127475e-05
853000 1 0.00018428084400626556 1.1815621129482591e-05
854000 1 0.00018426386585590569 1.1801335090442479e-05
855000 1 0.0001842468908337172 1.1787121413479098e-05
856000 1 0.0001842299189388357 1.1772979670956056e-05
857000 1 0.00018421295017039696 1.1758909438105442e-05
858000 1 0.0001841959845275373 1.1744910293007357e-05
859000 1 0.00018417902200939311 1.1730981816567969e-05
860000 1 0.00018416206261510129 1.1717123592497773e-05
861000 1 0.0001841451063437989 1.1703335207291611e-05
862000 1 0.00018412815319462345 1.1689616250206424e-05
863000 1 0.0001841112031667127 1.1675966313241361e-05
864000 1 0.0001840942562592047 1.1662384991116521e-05
865000 1 0.00018407731247123792 1.16488718812534e-05
866000 1 0.00018406037180195104 1.163542658375331e-05
867000 1 0.00018404343425048312 1.1622048701378882e-05
868000 1 0.00018402649981597352 1.1608737839532803e-05
869000 1 0.00018400956849756188 1.1595493606238447e-05
870000 1 0.00018399264029438824 1.1582315612120743e-05
871000 1 0.00018397571520559287 1.1569203470385957e-05
872000 1 0.00018395879323031644 1.155615679680294e-05
873000 1 0.00018394187436769982 1.1543175209683807e-05
874000 1 0.00018392495861688433 1.1530258329865552e-05
875000 1 0.00018390804597701152 1.1517405780689437e-05
876000 1 0.00018389113644722328 1.1504617187985171e-05
877000 1 0.0001838742300266618 1.1491892180049405e-05
878000 1 0.00018385732671446955 1.147923038762966e-05
879000 1 0.00018384042650978948 1.1466631443904912e-05
880000 1 0.0001838235294117647 1.1454094984467885e-05
881000 1 0.00018380663541953864 1.144162064730755e-05
882000 1 0.0001837897445322551 1.1429208072790275e-05
883000 1 0.00018377285674905816 1.1416856903643536e-05
884000 1 0.00018375597206909226 1.1404566784937429e-05
885000 1 0.00018373909049150208 1.1392337364067978e-05
886000 1 0.00018372221201543268 1.1380168290739415e-05
887000 1 0.0001837053366400294 1.136805921694765e-05
888000 1 0.00018368846436443793 1.1356009796962901e-05
889000 1 0.00018367159518780423 1.1344019687313318e-05
890000 1 0.00018365472910927458 1.1332088546768353e-05
891000 1 0.0001836378661279956 1.1320216036321683e-05
892000 1 0.00018362100624311423 1.1308401819175417e-05
893000 1 0.00018360414945377767 1.1296645560724135e-05
894000 1 0.0001835872957591335 1.1284946928537673e-05
895000 1 0.00018357044515832953 1.1273305592346494e-05
896000 1 0.00018355359765051397 1.1261721224024599e-05
897000 1 0.00018353675323483528 1.1250193497575079e-05
898000 1 0.0001835199119104423 1.1238722089113438e-05
899000 1 0.00018350307367648408 1.1227306676852515e-05
900000 1 0.0001834862385321101 1.1215946941087853e-05
901000 1 0.00018346940647647004 1.1204642564181093e-05
902000 1 0.000183452577508714 1.1193393230546305e-05
903000 1 0.0001834357516279923 1.1182198626633828e-05
904000 1 0.00018341892883345562 1.1171058440916333e-05
905000 1 0.00018340210912425492 1.1159972363874144e-05
906000 1 0.00018338529249954154 1.114894008797929e-05
907000 1 0.00018336847895846704 1.1137961307682752e-05
908000 1 0.00018335166850018335 1.1127035719399019e-05
909000 1 0.0001833348611238427 1.11161630214924e-05
910000 1 0.00018331805682859762 1.1105342914262454e-05
911000 1 0.00018330125561360098 1.1094575099930046e-05
912000 1 0.0001832844574780059 1.1083859282623785e-05
913000 1 0.00018326766242096585 1.1073195168365915e-05
914000 1 0.00018325087044163463 1.1062582465058424e-05
915000 1 0.00018323408153916632 1.1052020882470525e-05
916000 1 0.0001832172957127153 1.1041510132223439e-05
917000 1 0.00018320051296143633 1.1031049927778446e-05
918000 1 0.00018318373328448433 1.1020639984423342e-05
919000 1 0.00018316695668101475 1.1010280019258873e-05
920000 1 0.00018315018315018315 1.0999969751186077e-05
921000 1 0.0001831334126911455 1.0989708900893054e-05
922000 1 0.00018311664530305805 1.0979497190842516e-05
923000 1 0.00018309988098507736 1.096933434525879e-05
924000 1 0.00018308311973636032 1.0959220090115281e-05
925000 1 0.00018306636155606407 1.0949154153121447e-05
926000 1 0.00018304960644334616 1.093913626371132e-05
927000 1 0.00018303285439736435 1.092916615303074e-05
928000 1 0.00018301610541727673 1.0919243553924566e-05
929000 1 0.00018299935950224177 1.090936820092552e-05
930000 1 0.00018298261665141812 1.0899539830241135e-05
931000 1 0.0001829658768639649 1.088975817974274e-05
932000 1 0.00018294914013904136 1.0880022988953065e-05
933000 1 0.0001829324064758072 1.0870333999034375e-05
934000 1 0.00018291567587342238 1.086069095277775e-05
935000 1 0.00018289894833104712 1.0851093594589803e-05
936000 1 0.00018288222384784202 1.0841541670482878e-05
937000 1 0.00018286550242296794 1.0832034928062908e-05
938000 1 0.00018284878405558605 1.0822573116518106e-05
939000 1 0.00018283206874485783 1.0813155986607824e-05
940000 1 0.00018281535648994514 1.0803783290651563e-05
941000 1 0.00018279864729001005 1.0794454782517841e-05
942000 1 0.00018278194114421494 1.0785170217613085e-05
943000 1 0.00018276523805172256 1.0775929352870726e-05
944000 1 0.0001827485380116959 1.0766731946741266e-05
945000 1 0.0001827318410232983 1.0757577759180364e-05
946000 1 0.0001827151470856934 1.0748466551639122e-05
947000 1 0.00018269845619804512 1.0739398087053109e-05
948000 1 0.00018268176835951774 1.0730372129832163e-05
949000 1 0.00018266508356927575 1.0721388445849892e-05
950000 1 0.00018264840182648402 1.071244680243314e-05
951000 1 0.00018263172313030774 1.0703546968352418e-05
952000 1 0.00018261504747991235 1.0694688713811553e-05
953000 1 0.00018259837487446363 1.0685871810437103e-05
954000 1 0.00018258170531312764 1.0677096031269384e-05
955000 1 0.00018256503879507076 1.06683611507517e-05
956000 1 0.0001825483753194597 1.0659666944720863e-05
957000 1 0.00018253171488546137 1.0651013190397647e-05
958000 1 0.0001825150574922431 1.0642399666376827e-05
959000 1 0.00018249840313897252 1.0633826152617965e-05
960000 1 0.0001824817518248175 1.0625292430435433e-05
961000 1 0.00018246510354894625 1.0616798282489463e-05
962000 1 0.00018244845831052726 1.0608343492776488e-05
963000 1 0.00018243181610872936 1.0599927846619963e-05
964000 1 0.00018241517694272163 1.059155113066077e-05
965000 1 0.0001823985408116735 1.0583213132849142e-05
966000 1 0.0001823819077147547 1.0574913642434356e-05
967000 1 0.00018236527765113524 1.0566652449956382e-05
968000 1 0.00018234865061998541 1.0558429347237079e-05
969000 1 0.0001823320266204759 1.0550244127370589e-05
970000 1 0.00018231540565177758 1.054209658471562e-05
971000 1 0.00018229878771306173 1.0533986514885819e-05
972000 1 0.00018228217280349984 1.052591371474153e-05
973000 1 0.00018226556092226375 1.0517877982381111e-05
974000 1 0.00018224895206852561 1.0509879117132522e-05
975000 1 0.00018223234624145787 1.0501916919544698e-05
976000 1 0.00018221574344023326 1.0493991191379119e-05
977000 1 0.00018219914366402482 1.0486101735601738e-05
978000 1 0.00018218254691200586 1.047824835637445e-05
979000 1 0.00018216595318335001 1.047043085904716e-05
980000 1 0.00018214936247723133 1.0462649050149413e-05
981000 1 0.00018213277479282397 1.0454902737382353e-05
982000 1 0.00018211619012930248 1.0447191729610937e-05
983000 1 0.00018209960848584176 1.043951583685534e-05
984000 1 0.0001820830298616169 1.0431874870284249e-05
985000 1 0.00018206645425580337 1.042426864220576e-05
986000 1 0.0001820498816675769 1.0416696966060291e-05
987000 1 0.00018203331209611358 1.0409159656412661e-05
988000 1 0.00018201674554058975 1.0401656528944664e-05
989000 1 0.00018200018200018202 1.0394187400447234e-05
990000 1 0.00018198362147406734 1.0386752088812979e-05
991000 1 0.000181967063961423 1.0379350413028838e-05
992000 1 0.0001819505094614265 1.0371982193167987e-05
993000 1 0.00018193395797325572 1.0364647250384007e-05
994000 1 0.00018191740949608878 1.0357345406901681e-05
995000 1 0.00018190086402910415 1.0350076486011075e-05
996000 1 0.00018188432157148057 1.0342840312059707e-05
997000 1 0.00018186778212239704 1.0335636710445884e-05
998000 1 0.0001818512456810329 1.0328465507611045e-05
999000 1 0.0001818347122465679 1.0321326531033003e-05
New training fits:
New validation fits:
