|| P - P.conj().T || =  0.0

shape of AO densities after removing duplicates =  (19802, 2, 2)
sevecs.T @ sevecs = 
[[1.00000000e+00 2.23711432e-17]
 [2.23711432e-17 1.00000000e+00]]

sevecs.conj() - sevecs = 
[[0. 0.]
 [0. 0.]]

|| P_{MO} - P_{MO}.conj().T || =  3.1030750009183853e-17

mean(trace(P_{MO})) =  0.9999494285263754

|| P_{MO} . P_{MO} - P_{MO} || =  5.158641997123727e-07
|| Re[den[0,0]] || = 0.29649052523230696
|| Re[den[0,1]] || = 4.085188280010874
|| Im[den[0,1]] || = 4.956473088242328
|| Re[den[1,1]] || = 140.42221448488837
Shape of denMO on real non-zero degrees of freedom:
(19802, 3)
Shape of denMO on imag non-zero degrees of freedom:
(19802, 1)
nzreals:
{(0, 0): 0, (0, 1): 1, (1, 1): 2}
nzimags:
{(0, 1): 3}
ndof:  4
hamreals:
{(0, 0): 0, (0, 1): 1, (1, 1): 2}
hamimags:
{(0, 1): 3}
hamdof:  4
nump:  5
(20,)
['ke_data', 'en_data', 'overlap_data', 'ee_twoe_data', 'dip_data']
0.0
0.0
0.0
(3, 20000)
(3, 20000)
[[-0.699199  0.      ]
 [ 0.        0.699199]]
82.43196
0.04570341513781641
0.0892385186316992
(19802, 2, 2)
82.43196
1.8375126360463998e-07
1.7907385336844303e-07
