|| P - P.conj().T || =  0.0

shape of AO densities after removing duplicates =  (19802, 2, 2)
sevecs.T @ sevecs = 
[[1.00000000e+00 2.23711432e-17]
 [2.23711432e-17 1.00000000e+00]]

sevecs.conj() - sevecs = 
[[0. 0.]
 [0. 0.]]

|| P_{MO} - P_{MO}.conj().T || =  4.493540452513779e-17

mean(trace(P_{MO})) =  0.9999495833134976

|| P_{MO} . P_{MO} - P_{MO} || =  4.0893307293972193e-07
|| Re[den[0,0]] || = 14.905903967647024
|| Re[den[0,1]] || = 43.101429553709956
|| Im[den[0,1]] || = 2.7305893823349474
|| Re[den[1,1]] || = 125.89058171126682
Shape of denMO on real non-zero degrees of freedom:
(19802, 3)
Shape of denMO on imag non-zero degrees of freedom:
(19802, 1)
nzreals:
{(0, 0): 0, (0, 1): 1, (1, 1): 2}
nzimags:
{(0, 1): 3}
ndof:  4
hamreals:
{(0, 0): 0, (0, 1): 1, (1, 1): 2}
hamimags:
{(0, 1): 3}
hamdof:  4
nump:  5
0 1 0.0002 0.9019567818945253
1000 1 0.00019998000199980003 0.04649239466089211
2000 1 0.00019996000799840034 0.013172519590103954
3000 1 0.00019994001799460164 0.008977201633559374
4000 1 0.00019992003198720514 0.006583402283441797
5000 1 0.00019990004997501253 0.004845690856283715
6000 1 0.00019988007195682593 0.0035678340569643406
7000 1 0.000199860097931448 0.0026275307138410786
8000 1 0.00019984012789768188 0.0019355635213397643
9000 1 0.00019982016185433112 0.0014263229685972053
10000 1 0.00019980019980019983 0.0010515401117195027
11000 1 0.00019978024173409248 0.0007757011651328151
12000 1 0.00019976028765481422 0.0005726756919601577
13000 1 0.00019974033756117049 0.0004232364863110318
14000 1 0.00019972039145196724 0.0003132352194384241
15000 1 0.00019970044932601097 0.0002322603914647143
16000 1 0.00019968051118210862 0.0001726500326678109
17000 1 0.0001996605770190676 0.00012876534709741952
18000 1 0.00019964064683569574 9.645630676323984e-05
19000 1 0.0001996207206308015 7.26684526691682e-05
20000 1 0.00019960079840319363 5.515357847411642e-05
21000 1 0.00019958088015168147 4.225684177825223e-05
22000 1 0.00019956096587507485 3.276010664251994e-05
23000 1 0.000199541055572184 2.5766659797187335e-05
24000 1 0.00019952114924181964 2.0616370024682397e-05
25000 1 0.00019950124688279303 1.6823248902774732e-05
26000 1 0.00019948134849391585 1.4029496108876142e-05
27000 1 0.00019946145407400022 1.1971675784092964e-05
28000 1 0.0001994415636218588 1.0455820571139606e-05
29000 1 0.00019942167713630474 9.339106115856455e-06
30000 1 0.0001994017946161516 8.516361407136076e-06
31000 1 0.00019938191606021333 7.910138425030218e-06
32000 1 0.00019936204146730463 7.4634016451017154e-06
33000 1 0.0001993421708362404 7.134145988600501e-06
34000 1 0.00019932230416583614 6.891434338658564e-06
35000 1 0.0001993024414549078 6.712480070318598e-06
36000 1 0.00019928258270227183 6.580498900353727e-06
37000 1 0.00019926272790674504 6.483127120267508e-06
38000 1 0.00019924287706714485 6.4112568259562505e-06
39000 1 0.00019922303018228907 6.358178172396556e-06
40000 1 0.00019920318725099602 6.3189476938123815e-06
41000 1 0.00019918334827208448 6.2899230854868215e-06
42000 1 0.00019916351324437365 6.268420563987175e-06
43000 1 0.0001991436821666833 6.252462495400833e-06
44000 1 0.00019912385503783356 6.240591501015858e-06
45000 1 0.0001991040318566451 6.231733522349938e-06
46000 1 0.0001990842126219391 6.225096945557606e-06
47000 1 0.0001990643973325371 6.220098285505707e-06
48000 1 0.00019904458598726118 6.216307433471675e-06
49000 1 0.00019902477858493384 6.2134073159924465e-06
50000 1 0.00019900497512437813 6.211164169973561e-06
51000 1 0.00019898517560441745 6.209405638900461e-06
52000 1 0.00019896538002387584 6.208004631265477e-06
53000 1 0.00019894558838157763 6.206867424563189e-06
54000 1 0.00019892580067634773 6.2059248975842005e-06
55000 1 0.00019890601690701143 6.205126067905191e-06
56000 1 0.0001988862370723946 6.204433328145202e-06
57000 1 0.00019886646117132345 6.2038189341814735e-06
58000 1 0.0001988466892026248 6.203262416092805e-06
59000 1 0.00019882692116512577 6.202748669227761e-06
60000 1 0.00019880715705765408 6.202266546617044e-06
61000 1 0.00019878739687903787 6.201807820970183e-06
62000 1 0.00019876764062810577 6.201366419147288e-06
63000 1 0.00019874788830368678 6.2009378575271186e-06
64000 1 0.0001987281399046105 6.200518825511035e-06
65000 1 0.00019870839542970693 6.200106878265347e-06
66000 1 0.0001986886548778065 6.199700210028122e-06
67000 1 0.00019866891824774018 6.199297486836498e-06
68000 1 0.00019864918553833932 6.198897723084255e-06
69000 1 0.0001986294567484358 6.1985001904165844e-06
70000 1 0.000198609731876862 6.198104350479256e-06
71000 1 0.0001985900109224506 6.197709805271074e-06
72000 1 0.00019857029388403494 6.197316260487278e-06
73000 1 0.0001985505807604487 6.196923498450386e-06
74000 1 0.0001985308715505261 6.196531358115708e-06
75000 1 0.00019851116625310174 6.196139720305734e-06
76000 1 0.0001984914648670107 6.195748496796614e-06
77000 1 0.0001984717673910886 6.195357622257649e-06
78000 1 0.00019845207382417147 6.194967048290772e-06
79000 1 0.00019843238416509574 6.194576739027571e-06
80000 1 0.0001984126984126984 6.194186667870265e-06
81000 1 0.00019839301656581688 6.193796815085989e-06
82000 1 0.00019837333862328903 6.19340716602314e-06
83000 1 0.0001983536645839532 6.193017709793998e-06
84000 1 0.00019833399444664818 6.192628438300139e-06
85000 1 0.0001983143282102132 6.1922393455094925e-06
86000 1 0.00019829466587348803 6.1918504269218974e-06
87000 1 0.0001982750074353128 6.191461679174326e-06
88000 1 0.00019825535289452818 6.1910730997453964e-06
89000 1 0.00019823570224997524 6.190684686740182e-06
90000 1 0.00019821605550049556 6.190296438728099e-06
91000 1 0.00019819641264493112 6.189908354623147e-06
92000 1 0.00019817677368212444 6.1895204335960305e-06
93000 1 0.00019815713861091845 6.189132675007801e-06
94000 1 0.00019813750743015652 6.188745078361639e-06
95000 1 0.00019811788013868252 6.188357643265327e-06
96000 1 0.00019809825673534074 6.187970369405948e-06
97000 1 0.00019807863721897593 6.18758325652897e-06
98000 1 0.00019805902158843335 6.187196304423163e-06
99000 1 0.0001980394098425587 6.186809512909843e-06
New training fits:
New validation fits:
