|| P - P.conj().T || =  0.0

shape of AO densities after removing duplicates =  (19802, 2, 2)
sevecs.T @ sevecs = 
[[1.00000000e+00 2.23711432e-17]
 [2.23711432e-17 1.00000000e+00]]

sevecs.conj() - sevecs = 
[[0. 0.]
 [0. 0.]]

|| P_{MO} - P_{MO}.conj().T || =  3.1030750009183853e-17

mean(trace(P_{MO})) =  0.9999494285263754

|| P_{MO} . P_{MO} - P_{MO} || =  5.158641997123727e-07
|| Re[den[0,0]] || = 0.29649052523230696
|| Re[den[0,1]] || = 4.085188280010874
|| Im[den[0,1]] || = 4.956473088242328
|| Re[den[1,1]] || = 140.42221448488837
Shape of denMO on real non-zero degrees of freedom:
(19802, 3)
Shape of denMO on imag non-zero degrees of freedom:
(19802, 1)
nzreals:
{(0, 0): 0, (0, 1): 1, (1, 1): 2}
nzimags:
{(0, 1): 3}
ndof:  4
hamreals:
{(0, 0): 0, (0, 1): 1, (1, 1): 2}
hamimags:
{(0, 1): 3}
hamdof:  4
nump:  5
0 1 0.0002 1.7856886267062175
1000 1 0.00019998000199980003 0.03821586064878849
2000 1 0.00019996000799840034 0.016799320479980916
3000 1 0.00019994001799460164 0.0075714823025198365
4000 1 0.00019992003198720514 0.003414853535848046
5000 1 0.00019990004997501253 0.0015421251554448676
6000 1 0.00019988007195682593 0.0006982573233678859
7000 1 0.000199860097931448 0.0003179465144946827
8000 1 0.00019984012789768188 0.00014652439500778086
9000 1 0.00019982016185433112 6.924581931820476e-05
10000 1 0.00019980019980019983 3.4402765924300316e-05
11000 1 0.00019978024173409248 1.869047175630057e-05
12000 1 0.00019976028765481422 1.160397840043062e-05
13000 1 0.00019974033756117049 8.407334296669291e-06
14000 1 0.00019972039145196724 6.965113679138433e-06
15000 1 0.00019970044932601097 6.314313443801129e-06
16000 1 0.00019968051118210862 6.020584254194155e-06
17000 1 0.0001996605770190676 5.887986692551782e-06
18000 1 0.00019964064683569574 5.828115278038411e-06
19000 1 0.0001996207206308015 5.801075281483408e-06
20000 1 0.00019960079840319363 5.788859935596885e-06
21000 1 0.00019958088015168147 5.783340081571336e-06
22000 1 0.00019956096587507485 5.780844996006782e-06
23000 1 0.000199541055572184 5.779716767151145e-06
24000 1 0.00019952114924181964 5.779206392309442e-06
25000 1 0.00019950124688279303 5.778975395991902e-06
26000 1 0.00019948134849391585 5.778870773823472e-06
27000 1 0.00019946145407400022 5.778823338637683e-06
28000 1 0.0001994415636218588 5.778801793187523e-06
29000 1 0.00019942167713630474 5.7787919742807045e-06
30000 1 0.0001994017946161516 5.778787469703412e-06
31000 1 0.00019938191606021333 5.778785374990751e-06
32000 1 0.00019936204146730463 5.778784373835317e-06
33000 1 0.0001993421708362404 5.778783869331128e-06
34000 1 0.00019932230416583614 5.7787835906218785e-06
35000 1 0.0001993024414549078 5.7787834147129635e-06
36000 1 0.00019928258270227183 5.778783285708171e-06
37000 1 0.00019926272790674504 5.778783178182428e-06
38000 1 0.00019924287706714485 5.778783080559279e-06
39000 1 0.00019922303018228907 5.778782987562102e-06
40000 1 0.00019920318725099602 5.7787828967826324e-06
41000 1 0.00019918334827208448 5.778782807120362e-06
42000 1 0.00019916351324437365 5.778782718071395e-06
43000 1 0.0001991436821666833 5.778782629404551e-06
44000 1 0.00019912385503783356 5.7787825410135455e-06
45000 1 0.0001991040318566451 5.778782452849199e-06
46000 1 0.0001990842126219391 5.778782364888642e-06
47000 1 0.0001990643973325371 5.778782277121071e-06
48000 1 0.00019904458598726118 5.778782189541361e-06
49000 1 0.00019902477858493384 5.778782102146701e-06
50000 1 0.00019900497512437813 5.778782014935768e-06
51000 1 0.00019898517560441745 5.7787819279076185e-06
52000 1 0.00019896538002387584 5.778781841061642e-06
53000 1 0.00019894558838157763 5.7787817543972425e-06
54000 1 0.00019892580067634773 5.778781667914062e-06
55000 1 0.00019890601690701143 5.778781581611602e-06
56000 1 0.0001988862370723946 5.778781495489477e-06
57000 1 0.00019886646117132345 5.778781409547271e-06
58000 1 0.0001988466892026248 5.7787813237845284e-06
59000 1 0.00019882692116512577 5.778781238200931e-06
60000 1 0.00019880715705765408 5.778781152795962e-06
61000 1 0.00019878739687903787 5.778781067569339e-06
62000 1 0.00019876764062810577 5.778780982520571e-06
63000 1 0.00019874788830368678 5.7787808976493135e-06
64000 1 0.0001987281399046105 5.778780812955089e-06
65000 1 0.00019870839542970693 5.778780728437596e-06
66000 1 0.0001986886548778065 5.77878064409636e-06
67000 1 0.00019866891824774018 5.778780559931033e-06
68000 1 0.00019864918553833932 5.7787804759412e-06
69000 1 0.0001986294567484358 5.778780392126452e-06
70000 1 0.000198609731876862 5.7787803084863974e-06
71000 1 0.0001985900109224506 5.778780225020689e-06
72000 1 0.00019857029388403494 5.778780141728864e-06
73000 1 0.0001985505807604487 5.778780058610562e-06
74000 1 0.0001985308715505261 5.7787799756653735e-06
75000 1 0.00019851116625310174 5.778779892893e-06
76000 1 0.0001984914648670107 5.778779810292881e-06
77000 1 0.0001984717673910886 5.7787797278648235e-06
78000 1 0.00019845207382417147 5.778779645608292e-06
79000 1 0.00019843238416509574 5.778779563522994e-06
80000 1 0.0001984126984126984 5.778779481608416e-06
81000 1 0.00019839301656581688 5.7787793998643835e-06
82000 1 0.00019837333862328903 5.778779318290306e-06
83000 1 0.0001983536645839532 5.778779236885912e-06
84000 1 0.00019833399444664818 5.778779155650807e-06
85000 1 0.0001983143282102132 5.778779074584583e-06
86000 1 0.00019829466587348803 5.778778993686893e-06
87000 1 0.0001982750074353128 5.778778912957289e-06
88000 1 0.00019825535289452818 5.778778832395499e-06
89000 1 0.00019823570224997524 5.778778752001088e-06
90000 1 0.00019821605550049556 5.7787786717736476e-06
91000 1 0.00019819641264493112 5.778778591712873e-06
92000 1 0.00019817677368212444 5.77877851181833e-06
93000 1 0.00019815713861091845 5.778778432089678e-06
94000 1 0.00019813750743015652 5.778778352526547e-06
95000 1 0.00019811788013868252 5.778778273128551e-06
96000 1 0.00019809825673534074 5.778778193895317e-06
97000 1 0.00019807863721897593 5.778778114826457e-06
98000 1 0.00019805902158843335 5.778778035921633e-06
99000 1 0.0001980394098425587 5.778777957180526e-06
New training fits:
New validation fits:
